<?xml version="1.0" encoding="UTF-8"?>
<!-- Generated by org.testng.reporters.JUnitReportReporter -->
<testsuite hostname="instance-1" failures="0" tests="4" name="com.projectname_qa.testcases.LoginPageTest" time="5.819" errors="0" timestamp="16 Jun 2022 05:14:44 GMT" skipped="0">
  <testcase classname="com.projectname_qa.testcases.LoginPageTest" name="loginPageTitleTest" time="0.024"/>
  <testcase classname="com.projectname_qa.testcases.LoginPageTest" name="loginPageCurrentURLTest" time="0.011"/>
  <testcase classname="com.projectname_qa.testcases.LoginPageTest" name="loginPageLogoImageTest" time="0.071"/>
  <testcase classname="com.projectname_qa.testcases.LoginPageTest" name="loginDetailsTest" time="5.713"/>
</testsuite> <!-- com.projectname_qa.testcases.LoginPageTest -->
