<?xml version="1.0" encoding="UTF-8"?>
<!-- Generated by org.testng.reporters.JUnitReportReporter -->
<testsuite hostname="instance-1" failures="0" tests="4" name="com.projectname_qa.testcases.LoginPageTest" time="25.083" errors="0" timestamp="18 Jun 2022 23:25:34 GMT" skipped="0">
  <testcase classname="com.projectname_qa.testcases.LoginPageTest" name="loginPageTitleTest" time="5.784"/>
  <testcase classname="com.projectname_qa.testcases.LoginPageTest" name="loginPageCurrentURLTest" time="4.774"/>
  <testcase classname="com.projectname_qa.testcases.LoginPageTest" name="loginPageLogoImageTest" time="5.454"/>
  <testcase classname="com.projectname_qa.testcases.LoginPageTest" name="loginDetailsTest" time="9.071"/>
</testsuite> <!-- com.projectname_qa.testcases.LoginPageTest -->
